Resolving Package Graph
Resolved source packages
InteropForGoogle - https://github.com/google/interop-ios-for-google-sdks.git @ 100.0.0
NetworkImage - https://github.com/gonzalezreal/NetworkImage @ 6.0.0
gRPC - https://github.com/google/grpc-binary.git @ 1.65.1
leveldb - https://github.com/firebase/leveldb.git @ 1.22.5
GoogleDataTransport - https://github.com/google/GoogleDataTransport.git @ 10.1.0
swift-markdown-ui - https://github.com/gonzalezreal/swift-markdown-ui @ 2.3.1
AppCheck - https://github.com/google/app-check.git @ 11.0.1
Promises - https://github.com/google/promises.git @ 2.4.0
Firebase - https://github.com/firebase/firebase-ios-sdk @ 11.0.0
GoogleUtilities - https://github.com/google/GoogleUtilities.git @ 8.0.2
nanopb - https://github.com/firebase/nanopb.git @ 2.30910.0
SwiftProtobuf - https://github.com/apple/swift-protobuf.git @ 1.27.1
abseil - https://github.com/google/abseil-cpp-binary.git @ 1.2024011602.0
GTMSessionFetcher - https://github.com/google/gtm-session-fetcher.git @ 3.5.0
GoogleAppMeasurement - https://github.com/google/GoogleAppMeasurement.git @ 11.0.0
swiftui-cached-async-image - https://github.com/lorenzofiamingo/swiftui-cached-async-image @ 2.1.1
[AppLuk] Compiling DataStorageManager.swift
[AppLuk] Compiling KnowledgeView.swift
[AppLuk] Copy x86_64-apple-ios-simulator.swiftsourceinfo -> AppLuk.swiftsourceinfo
[AppLuk] Copy x86_64-apple-ios-simulator.abi.json -> AppLuk.abi.json
[AppLuk] Copy x86_64-apple-ios-simulator.swiftmodule -> AppLuk.swiftmodule
[AppLuk] Compiling User.swift
[AppLuk] Compiling CommentsViewModel.swift
[AppLuk] Compiling KnowledgesView.swift
[AppLuk] Compiling CommentsView.swift
[AppLuk] Compiling Conversation.swift
[AppLuk] Compiling CreateKnowledgeViewModel.swift
[AppLuk] Compiling ConversationsViewModel.swift
[AppLuk] Compiling ContentView.swift
[AppLuk] Compiling KnowledgesViewModel.swift
[AppLuk] Compiling AuthenticationViewModel.swift
[AppLuk] Compiling Message.swift
Signing AppLuk.app (in target 'AppLuk' from project 'AppLuk')
Build Succeeded

-----------------------------
-- xcodebuild.nvim summary --
-----------------------------

  ✔ Build Succeeded

